# JRE version: Java(TM) SE Runtime Environment (8.0_121-b13) (build 1.8.0_121-b13)
# Java VM: Java HotSpot(TM) 64-Bit Server VM (25.121-b13 mixed mode windows-amd64 compressed oops)
Heap:
 PSYoungGen      total 193024K, used 33210K [0x00000000edb80000, 0x00000000fb100000, 0x0000000100000000)
  eden space 177664K, 12% used [0x00000000edb80000,0x00000000ef167350,0x00000000f8900000)
  from space 15360K, 70% used [0x00000000f9300000,0x00000000f9d876b0,0x00000000fa200000)
  to   space 12800K, 0% used [0x00000000fa480000,0x00000000fa480000,0x00000000fb100000)
 ParOldGen       total 50176K, used 25193K [0x00000000c9200000, 0x00000000cc300000, 0x00000000edb80000)
  object space 50176K, 50% used [0x00000000c9200000,0x00000000caa9a6e8,0x00000000cc300000)
 Metaspace       used 78052K, capacity 86254K, committed 86528K, reserved 1124352K
  class space    used 10937K, capacity 11673K, committed 11776K, reserved 1048576K
GC Heap History (10 events):
Event: 13.635 GC heap before
{Heap before GC invocations=14 (full 2):
 PSYoungGen      total 96256K, used 89088K [0x00000000edb80000, 0x00000000f6f80000, 0x0000000100000000)
  eden space 89088K, 100% used [0x00000000edb80000,0x00000000f3280000,0x00000000f3280000)
  from space 7168K, 0% used [0x00000000f3280000,0x00000000f3280000,0x00000000f3980000)
  to   space 7680K, 0% used [0x00000000f6800000,0x00000000f6800000,0x00000000f6f80000)
 ParOldGen       total 30208K, used 7710K [0x00000000c9200000, 0x00000000caf80000, 0x00000000edb80000)
  object space 30208K, 25% used [0x00000000c9200000,0x00000000c99879c0,0x00000000caf80000)
 Metaspace       used 43260K, capacity 45192K, committed 45440K, reserved 1089536K
  class space    used 5795K, capacity 5966K, committed 6016K, reserved 1048576K
Event: 13.649 GC heap after
Heap after GC invocations=14 (full 2):
 PSYoungGen      total 139776K, used 7663K [0x00000000edb80000, 0x00000000f7080000, 0x0000000100000000)
  eden space 132096K, 0% used [0x00000000edb80000,0x00000000edb80000,0x00000000f5c80000)
  from space 7680K, 99% used [0x00000000f6800000,0x00000000f6f7bc48,0x00000000f6f80000)
  to   space 10240K, 0% used [0x00000000f5c80000,0x00000000f5c80000,0x00000000f6680000)
 ParOldGen       total 30208K, used 11972K [0x00000000c9200000, 0x00000000caf80000, 0x00000000edb80000)
  object space 30208K, 39% used [0x00000000c9200000,0x00000000c9db11a8,0x00000000caf80000)
 Metaspace       used 43260K, capacity 45192K, committed 45440K, reserved 1089536K
  class space    used 5795K, capacity 5966K, committed 6016K, reserved 1048576K
}
Event: 15.533 GC heap before
{Heap before GC invocations=15 (full 2):
 PSYoungGen      total 139776K, used 110820K [0x00000000edb80000, 0x00000000f7080000, 0x0000000100000000)
  eden space 132096K, 78% used [0x00000000edb80000,0x00000000f403d438,0x00000000f5c80000)
  from space 7680K, 99% used [0x00000000f6800000,0x00000000f6f7bc48,0x00000000f6f80000)
  to   space 10240K, 0% used [0x00000000f5c80000,0x00000000f5c80000,0x00000000f6680000)
 ParOldGen       total 30208K, used 11972K [0x00000000c9200000, 0x00000000caf80000, 0x00000000edb80000)
  object space 30208K, 39% used [0x00000000c9200000,0x00000000c9db11a8,0x00000000caf80000)
 Metaspace       used 56279K, capacity 59022K, committed 59160K, reserved 1101824K
  class space    used 7546K, capacity 7779K, committed 7808K, reserved 1048576K
Event: 15.547 GC heap after
Heap after GC invocations=15 (full 2):
 PSYoungGen      total 142336K, used 10221K [0x00000000edb80000, 0x00000000fb180000, 0x0000000100000000)
  eden space 132096K, 0% used [0x00000000edb80000,0x00000000edb80000,0x00000000f5c80000)
  from space 10240K, 99% used [0x00000000f5c80000,0x00000000f667b408,0x00000000f6680000)
  to   space 13312K, 0% used [0x00000000fa480000,0x00000000fa480000,0x00000000fb180000)
 ParOldGen       total 30208K, used 16290K [0x00000000c9200000, 0x00000000caf80000, 0x00000000edb80000)
  object space 30208K, 53% used [0x00000000c9200000,0x00000000ca1e8af8,0x00000000caf80000)
 Metaspace       used 56279K, capacity 59022K, committed 59160K, reserved 1101824K
  class space    used 7546K, capacity 7779K, committed 7808K, reserved 1048576K
}
Event: 15.547 GC heap before
{Heap before GC invocations=16 (full 3):
 PSYoungGen      total 142336K, used 10221K [0x00000000edb80000, 0x00000000fb180000, 0x0000000100000000)
  eden space 132096K, 0% used [0x00000000edb80000,0x00000000edb80000,0x00000000f5c80000)
  from space 10240K, 99% used [0x00000000f5c80000,0x00000000f667b408,0x00000000f6680000)
  to   space 13312K, 0% used [0x00000000fa480000,0x00000000fa480000,0x00000000fb180000)
 ParOldGen       total 30208K, used 16290K [0x00000000c9200000, 0x00000000caf80000, 0x00000000edb80000)
  object space 30208K, 53% used [0x00000000c9200000,0x00000000ca1e8af8,0x00000000caf80000)
 Metaspace       used 56279K, capacity 59022K, committed 59160K, reserved 1101824K
  class space    used 7546K, capacity 7779K, committed 7808K, reserved 1048576K
Event: 15.676 GC heap after
Heap after GC invocations=16 (full 3):
 PSYoungGen      total 142336K, used 0K [0x00000000edb80000, 0x00000000fb180000, 0x0000000100000000)
  eden space 132096K, 0% used [0x00000000edb80000,0x00000000edb80000,0x00000000f5c80000)
  from space 10240K, 0% used [0x00000000f5c80000,0x00000000f5c80000,0x00000000f6680000)
  to   space 13312K, 0% used [0x00000000fa480000,0x00000000fa480000,0x00000000fb180000)
 ParOldGen       total 50176K, used 21076K [0x00000000c9200000, 0x00000000cc300000, 0x00000000edb80000)
  object space 50176K, 42% used [0x00000000c9200000,0x00000000ca695238,0x00000000cc300000)
 Metaspace       used 56279K, capacity 59022K, committed 59160K, reserved 1101824K
  class space    used 7546K, capacity 7779K, committed 7808K, reserved 1048576K
}
Event: 18.045 GC heap before
{Heap before GC invocations=17 (full 3):
 PSYoungGen      total 142336K, used 132096K [0x00000000edb80000, 0x00000000fb180000, 0x0000000100000000)
  eden space 132096K, 100% used [0x00000000edb80000,0x00000000f5c80000,0x00000000f5c80000)
  from space 10240K, 0% used [0x00000000f5c80000,0x00000000f5c80000,0x00000000f6680000)
  to   space 13312K, 0% used [0x00000000fa480000,0x00000000fa480000,0x00000000fb180000)
 ParOldGen       total 50176K, used 21076K [0x00000000c9200000, 0x00000000cc300000, 0x00000000edb80000)
  object space 50176K, 42% used [0x00000000c9200000,0x00000000ca695238,0x00000000cc300000)
 Metaspace       used 67996K, capacity 72422K, committed 72576K, reserved 1112064K
  class space    used 9275K, capacity 9583K, committed 9600K, reserved 1048576K
Event: 18.068 GC heap after
Heap after GC invocations=17 (full 3):
 PSYoungGen      total 190464K, used 12763K [0x00000000edb80000, 0x00000000fb100000, 0x0000000100000000)
  eden space 177664K, 0% used [0x00000000edb80000,0x00000000edb80000,0x00000000f8900000)
  from space 12800K, 99% used [0x00000000fa480000,0x00000000fb0f6da8,0x00000000fb100000)
  to   space 15360K, 0% used [0x00000000f9300000,0x00000000f9300000,0x00000000fa200000)
 ParOldGen       total 50176K, used 21084K [0x00000000c9200000, 0x00000000cc300000, 0x00000000edb80000)
  object space 50176K, 42% used [0x00000000c9200000,0x00000000ca697238,0x00000000cc300000)
 Metaspace       used 67996K, capacity 72422K, committed 72576K, reserved 1112064K
  class space    used 9275K, capacity 9583K, committed 9600K, reserved 1048576K
}
Event: 20.148 GC heap before
{Heap before GC invocations=18 (full 3):
 PSYoungGen      total 190464K, used 190427K [0x00000000edb80000, 0x00000000fb100000, 0x0000000100000000)
  eden space 177664K, 100% used [0x00000000edb80000,0x00000000f8900000,0x00000000f8900000)
  from space 12800K, 99% used [0x00000000fa480000,0x00000000fb0f6da8,0x00000000fb100000)
  to   space 15360K, 0% used [0x00000000f9300000,0x00000000f9300000,0x00000000fa200000)
 ParOldGen       total 50176K, used 21084K [0x00000000c9200000, 0x00000000cc300000, 0x00000000edb80000)
  object space 50176K, 42% used [0x00000000c9200000,0x00000000ca697238,0x00000000cc300000)
 Metaspace       used 77325K, capacity 85390K, committed 85632K, reserved 1124352K
  class space    used 10834K, capacity 11552K, committed 11648K, reserved 1048576K
Event: 20.190 GC heap after
Heap after GC invocations=18 (full 3):
 PSYoungGen      total 193024K, used 10781K [0x00000000edb80000, 0x00000000fb100000, 0x0000000100000000)
  eden space 177664K, 0% used [0x00000000edb80000,0x00000000edb80000,0x00000000f8900000)
  from space 15360K, 70% used [0x00000000f9300000,0x00000000f9d876b0,0x00000000fa200000)
  to   space 12800K, 0% used [0x00000000fa480000,0x00000000fa480000,0x00000000fb100000)
 ParOldGen       total 50176K, used 25193K [0x00000000c9200000, 0x00000000cc300000, 0x00000000edb80000)
  object space 50176K, 50% used [0x00000000c9200000,0x00000000caa9a6e8,0x00000000cc300000)
 Metaspace       used 77325K, capacity 85390K, committed 85632K, reserved 1124352K
  class space    used 10834K, capacity 11552K, committed 11648K, reserved 1048576K
}

